This is pdfTeX, Version 3.14159265-2.6-1.40.19 (TeX Live 2018) (preloaded format=pdflatex 2018.7.29)  16 NOV 2018 11:21
entering extended mode
 restricted \write18 enabled.
 file:line:error style messages enabled.
 %&-line parsing enabled.
**writeup-new.tex
(./writeup-new.tex
LaTeX2e <2018-04-01> patch level 5
(/usr/local/texlive/2018/texmf-dist/tex/latex/base/article.cls
Document Class: article 2014/09/29 v1.4h Standard LaTeX document class
(/usr/local/texlive/2018/texmf-dist/tex/latex/base/size12.clo
File: size12.clo 2014/09/29 v1.4h Standard LaTeX file (size option)
)
\c@part=\count80
\c@section=\count81
\c@subsection=\count82
\c@subsubsection=\count83
\c@paragraph=\count84
\c@subparagraph=\count85
\c@figure=\count86
\c@table=\count87
\abovecaptionskip=\skip41
\belowcaptionskip=\skip42
\bibindent=\dimen102
)
(/usr/local/texlive/2018/texmf-dist/tex/latex/amsmath/amsmath.sty
Package: amsmath 2017/09/02 v2.17a AMS math features
\@mathmargin=\skip43

For additional information on amsmath, use the `?' option.
(/usr/local/texlive/2018/texmf-dist/tex/latex/amsmath/amstext.sty
Package: amstext 2000/06/29 v2.01 AMS text

(/usr/local/texlive/2018/texmf-dist/tex/latex/amsmath/amsgen.sty
File: amsgen.sty 1999/11/30 v2.0 generic functions
\@emptytoks=\toks14
\ex@=\dimen103
))
(/usr/local/texlive/2018/texmf-dist/tex/latex/amsmath/amsbsy.sty
Package: amsbsy 1999/11/29 v1.2d Bold Symbols
\pmbraise@=\dimen104
)
(/usr/local/texlive/2018/texmf-dist/tex/latex/amsmath/amsopn.sty
Package: amsopn 2016/03/08 v2.02 operator names
)
\inf@bad=\count88
LaTeX Info: Redefining \frac on input line 213.
\uproot@=\count89
\leftroot@=\count90
LaTeX Info: Redefining \overline on input line 375.
\classnum@=\count91
\DOTSCASE@=\count92
LaTeX Info: Redefining \ldots on input line 472.
LaTeX Info: Redefining \dots on input line 475.
LaTeX Info: Redefining \cdots on input line 596.
\Mathstrutbox@=\box26
\strutbox@=\box27
\big@size=\dimen105
LaTeX Font Info:    Redeclaring font encoding OML on input line 712.
LaTeX Font Info:    Redeclaring font encoding OMS on input line 713.
\macc@depth=\count93
\c@MaxMatrixCols=\count94
\dotsspace@=\muskip10
\c@parentequation=\count95
\dspbrk@lvl=\count96
\tag@help=\toks15
\row@=\count97
\column@=\count98
\maxfields@=\count99
\andhelp@=\toks16
\eqnshift@=\dimen106
\alignsep@=\dimen107
\tagshift@=\dimen108
\tagwidth@=\dimen109
\totwidth@=\dimen110
\lineht@=\dimen111
\@envbody=\toks17
\multlinegap=\skip44
\multlinetaggap=\skip45
\mathdisplay@stack=\toks18
LaTeX Info: Redefining \[ on input line 2817.
LaTeX Info: Redefining \] on input line 2818.
)
(/usr/local/texlive/2018/texmf-dist/tex/latex/hyperref/hyperref.sty
Package: hyperref 2018/02/06 v6.86b Hypertext links for LaTeX

(/usr/local/texlive/2018/texmf-dist/tex/generic/oberdiek/hobsub-hyperref.sty
Package: hobsub-hyperref 2016/05/16 v1.14 Bundle oberdiek, subset hyperref (HO)


(/usr/local/texlive/2018/texmf-dist/tex/generic/oberdiek/hobsub-generic.sty
Package: hobsub-generic 2016/05/16 v1.14 Bundle oberdiek, subset generic (HO)
Package: hobsub 2016/05/16 v1.14 Construct package bundles (HO)
Package: infwarerr 2016/05/16 v1.4 Providing info/warning/error messages (HO)
Package: ltxcmds 2016/05/16 v1.23 LaTeX kernel commands for general use (HO)
Package: ifluatex 2016/05/16 v1.4 Provides the ifluatex switch (HO)
Package ifluatex Info: LuaTeX not detected.
Package: ifvtex 2016/05/16 v1.6 Detect VTeX and its facilities (HO)
Package ifvtex Info: VTeX not detected.
Package: intcalc 2016/05/16 v1.2 Expandable calculations with integers (HO)
Package: ifpdf 2017/03/15 v3.2 Provides the ifpdf switch
Package: etexcmds 2016/05/16 v1.6 Avoid name clashes with e-TeX commands (HO)
Package etexcmds Info: Could not find \expanded.
(etexcmds)             That can mean that you are not using pdfTeX 1.50 or
(etexcmds)             that some package has redefined \expanded.
(etexcmds)             In the latter case, load this package earlier.
Package: kvsetkeys 2016/05/16 v1.17 Key value parser (HO)
Package: kvdefinekeys 2016/05/16 v1.4 Define keys (HO)
Package: pdftexcmds 2018/01/30 v0.27 Utility functions of pdfTeX for LuaTeX (HO
)
Package pdftexcmds Info: LuaTeX not detected.
Package pdftexcmds Info: \pdf@primitive is available.
Package pdftexcmds Info: \pdf@ifprimitive is available.
Package pdftexcmds Info: \pdfdraftmode found.
Package: pdfescape 2016/05/16 v1.14 Implements pdfTeX's escape features (HO)
Package: bigintcalc 2016/05/16 v1.4 Expandable calculations on big integers (HO
)
Package: bitset 2016/05/16 v1.2 Handle bit-vector datatype (HO)
Package: uniquecounter 2016/05/16 v1.3 Provide unlimited unique counter (HO)
)
Package hobsub Info: Skipping package `hobsub' (already loaded).
Package: letltxmacro 2016/05/16 v1.5 Let assignment for LaTeX macros (HO)
Package: hopatch 2016/05/16 v1.3 Wrapper for package hooks (HO)
Package: xcolor-patch 2016/05/16 xcolor patch
Package: atveryend 2016/05/16 v1.9 Hooks at the very end of document (HO)
Package atveryend Info: \enddocument detected (standard20110627).
Package: atbegshi 2016/06/09 v1.18 At begin shipout hook (HO)
Package: refcount 2016/05/16 v3.5 Data extraction from label references (HO)
Package: hycolor 2016/05/16 v1.8 Color options for hyperref/bookmark (HO)
)
(/usr/local/texlive/2018/texmf-dist/tex/latex/graphics/keyval.sty
Package: keyval 2014/10/28 v1.15 key=value parser (DPC)
\KV@toks@=\toks19
)
(/usr/local/texlive/2018/texmf-dist/tex/generic/ifxetex/ifxetex.sty
Package: ifxetex 2010/09/12 v0.6 Provides ifxetex conditional
)
(/usr/local/texlive/2018/texmf-dist/tex/latex/oberdiek/auxhook.sty
Package: auxhook 2016/05/16 v1.4 Hooks for auxiliary files (HO)
)
(/usr/local/texlive/2018/texmf-dist/tex/latex/oberdiek/kvoptions.sty
Package: kvoptions 2016/05/16 v3.12 Key value format for package options (HO)
)
\@linkdim=\dimen112
\Hy@linkcounter=\count100
\Hy@pagecounter=\count101

(/usr/local/texlive/2018/texmf-dist/tex/latex/hyperref/pd1enc.def
File: pd1enc.def 2018/02/06 v6.86b Hyperref: PDFDocEncoding definition (HO)
Now handling font encoding PD1 ...
... no UTF-8 mapping file for font encoding PD1
)
\Hy@SavedSpaceFactor=\count102

(/usr/local/texlive/2018/texmf-dist/tex/latex/latexconfig/hyperref.cfg
File: hyperref.cfg 2002/06/06 v1.2 hyperref configuration of TeXLive
)
Package hyperref Info: Option `colorlinks' set `true' on input line 4383.
Package hyperref Info: Hyper figures OFF on input line 4509.
Package hyperref Info: Link nesting OFF on input line 4514.
Package hyperref Info: Hyper index ON on input line 4517.
Package hyperref Info: Plain pages OFF on input line 4524.
Package hyperref Info: Backreferencing OFF on input line 4529.
Package hyperref Info: Implicit mode ON; LaTeX internals redefined.
Package hyperref Info: Bookmarks ON on input line 4762.
\c@Hy@tempcnt=\count103

(/usr/local/texlive/2018/texmf-dist/tex/latex/url/url.sty
\Urlmuskip=\muskip11
Package: url 2013/09/16  ver 3.4  Verb mode for urls, etc.
)
LaTeX Info: Redefining \url on input line 5115.
\XeTeXLinkMargin=\dimen113
\Fld@menulength=\count104
\Field@Width=\dimen114
\Fld@charsize=\dimen115
Package hyperref Info: Hyper figures OFF on input line 6369.
Package hyperref Info: Link nesting OFF on input line 6374.
Package hyperref Info: Hyper index ON on input line 6377.
Package hyperref Info: backreferencing OFF on input line 6384.
Package hyperref Info: Link coloring ON on input line 6387.
Package hyperref Info: Link coloring with OCG OFF on input line 6394.
Package hyperref Info: PDF/A mode OFF on input line 6399.
LaTeX Info: Redefining \ref on input line 6439.
LaTeX Info: Redefining \pageref on input line 6443.
\Hy@abspage=\count105
\c@Item=\count106
\c@Hfootnote=\count107
)
Package hyperref Info: Driver (autodetected): hpdftex.

(/usr/local/texlive/2018/texmf-dist/tex/latex/hyperref/hpdftex.def
File: hpdftex.def 2018/02/06 v6.86b Hyperref driver for pdfTeX
\Fld@listcount=\count108
\c@bookmark@seq@number=\count109

(/usr/local/texlive/2018/texmf-dist/tex/latex/oberdiek/rerunfilecheck.sty
Package: rerunfilecheck 2016/05/16 v1.8 Rerun checks for auxiliary files (HO)
Package uniquecounter Info: New unique counter `rerunfilecheck' on input line 2
82.
)
\Hy@SectionHShift=\skip46
)
(/usr/local/texlive/2018/texmf-dist/tex/latex/appendix/appendix.sty
Package: appendix 2009/09/02 v1.2b extra appendix facilities
\c@@pps=\count110
\c@@ppsavesec=\count111
\c@@ppsaveapp=\count112
)
(/usr/local/texlive/2018/texmf-dist/tex/latex/graphics/graphicx.sty
Package: graphicx 2017/06/01 v1.1a Enhanced LaTeX Graphics (DPC,SPQR)

(/usr/local/texlive/2018/texmf-dist/tex/latex/graphics/graphics.sty
Package: graphics 2017/06/25 v1.2c Standard LaTeX Graphics (DPC,SPQR)

(/usr/local/texlive/2018/texmf-dist/tex/latex/graphics/trig.sty
Package: trig 2016/01/03 v1.10 sin cos tan (DPC)
)
(/usr/local/texlive/2018/texmf-dist/tex/latex/graphics-cfg/graphics.cfg
File: graphics.cfg 2016/06/04 v1.11 sample graphics configuration
)
Package graphics Info: Driver file: pdftex.def on input line 99.

(/usr/local/texlive/2018/texmf-dist/tex/latex/graphics-def/pdftex.def
File: pdftex.def 2018/01/08 v1.0l Graphics/color driver for pdftex
))
\Gin@req@height=\dimen116
\Gin@req@width=\dimen117
)
(/usr/local/texlive/2018/texmf-dist/tex/latex/caption/caption.sty
Package: caption 2018/05/01 v3.3-147 Customizing captions (AR)

(/usr/local/texlive/2018/texmf-dist/tex/latex/caption/caption3.sty
Package: caption3 2018/05/27 v1.8a caption3 kernel (AR)
Package caption3 Info: TeX engine: e-TeX on input line 64.
\captionmargin=\dimen118
\captionmargin@=\dimen119
\captionwidth=\dimen120
\caption@tempdima=\dimen121
\caption@indent=\dimen122
\caption@parindent=\dimen123
\caption@hangindent=\dimen124
)
\c@ContinuedFloat=\count113
Package caption Info: hyperref package is loaded.
)
(/usr/local/texlive/2018/texmf-dist/tex/latex/listings/listings.sty
\lst@mode=\count114
\lst@gtempboxa=\box28
\lst@token=\toks20
\lst@length=\count115
\lst@currlwidth=\dimen125
\lst@column=\count116
\lst@pos=\count117
\lst@lostspace=\dimen126
\lst@width=\dimen127
\lst@newlines=\count118
\lst@lineno=\count119
\lst@maxwidth=\dimen128

(/usr/local/texlive/2018/texmf-dist/tex/latex/listings/lstmisc.sty
File: lstmisc.sty 2015/06/04 1.6 (Carsten Heinz)
\c@lstnumber=\count120
\lst@skipnumbers=\count121
\lst@framebox=\box29
)
(/usr/local/texlive/2018/texmf-dist/tex/latex/listings/listings.cfg
File: listings.cfg 2015/06/04 1.6 listings configuration
))
Package: listings 2015/06/04 1.6 (Carsten Heinz)

(/usr/local/texlive/2018/texmf-dist/tex/latex/titlesec/titlesec.sty
Package: titlesec 2016/03/21 v2.10.2 Sectioning titles
\ttl@box=\box30
\beforetitleunit=\skip47
\aftertitleunit=\skip48
\ttl@plus=\dimen129
\ttl@minus=\dimen130
\ttl@toksa=\toks21
\titlewidth=\dimen131
\titlewidthlast=\dimen132
\titlewidthfirst=\dimen133
)
(./writeup-new.aux)
\openout1 = `writeup-new.aux'.

LaTeX Font Info:    Checking defaults for OML/cmm/m/it on input line 10.
LaTeX Font Info:    ... okay on input line 10.
LaTeX Font Info:    Checking defaults for T1/cmr/m/n on input line 10.
LaTeX Font Info:    ... okay on input line 10.
LaTeX Font Info:    Checking defaults for OT1/cmr/m/n on input line 10.
LaTeX Font Info:    ... okay on input line 10.
LaTeX Font Info:    Checking defaults for OMS/cmsy/m/n on input line 10.
LaTeX Font Info:    ... okay on input line 10.
LaTeX Font Info:    Checking defaults for OMX/cmex/m/n on input line 10.
LaTeX Font Info:    ... okay on input line 10.
LaTeX Font Info:    Checking defaults for U/cmr/m/n on input line 10.
LaTeX Font Info:    ... okay on input line 10.
LaTeX Font Info:    Checking defaults for PD1/pdf/m/n on input line 10.
LaTeX Font Info:    ... okay on input line 10.
\AtBeginShipoutBox=\box31

(/usr/local/texlive/2018/texmf-dist/tex/latex/graphics/color.sty
Package: color 2016/07/10 v1.1e Standard LaTeX Color (DPC)

(/usr/local/texlive/2018/texmf-dist/tex/latex/graphics-cfg/color.cfg
File: color.cfg 2016/01/02 v1.6 sample color configuration
)
Package color Info: Driver file: pdftex.def on input line 147.
)
Package hyperref Info: Link coloring ON on input line 10.

(/usr/local/texlive/2018/texmf-dist/tex/latex/hyperref/nameref.sty
Package: nameref 2016/05/21 v2.44 Cross-referencing by name of section

(/usr/local/texlive/2018/texmf-dist/tex/generic/oberdiek/gettitlestring.sty
Package: gettitlestring 2016/05/16 v1.5 Cleanup title references (HO)
)
\c@section@level=\count122
)
LaTeX Info: Redefining \ref on input line 10.
LaTeX Info: Redefining \pageref on input line 10.
LaTeX Info: Redefining \nameref on input line 10.

(./writeup-new.out) (./writeup-new.out)
\@outlinefile=\write3
\openout3 = `writeup-new.out'.


(/usr/local/texlive/2018/texmf-dist/tex/context/base/mkii/supp-pdf.mkii
[Loading MPS to PDF converter (version 2006.09.02).]
\scratchcounter=\count123
\scratchdimen=\dimen134
\scratchbox=\box32
\nofMPsegments=\count124
\nofMParguments=\count125
\everyMPshowfont=\toks22
\MPscratchCnt=\count126
\MPscratchDim=\dimen135
\MPnumerator=\count127
\makeMPintoPDFobject=\count128
\everyMPtoPDFconversion=\toks23
) (/usr/local/texlive/2018/texmf-dist/tex/latex/oberdiek/epstopdf-base.sty
Package: epstopdf-base 2016/05/15 v2.6 Base part for package epstopdf

(/usr/local/texlive/2018/texmf-dist/tex/latex/oberdiek/grfext.sty
Package: grfext 2016/05/16 v1.2 Manage graphics extensions (HO)
)
Package epstopdf-base Info: Redefining graphics rule for `.eps' on input line 4
38.
Package grfext Info: Graphics extension search list:
(grfext)             [.pdf,.png,.jpg,.mps,.jpeg,.jbig2,.jb2,.PDF,.PNG,.JPG,.JPE
G,.JBIG2,.JB2,.eps]
(grfext)             \AppendGraphicsExtensions on input line 456.

(/usr/local/texlive/2018/texmf-dist/tex/latex/latexconfig/epstopdf-sys.cfg
File: epstopdf-sys.cfg 2010/07/13 v1.3 Configuration of (r)epstopdf for TeX Liv
e
))
Package caption Info: Begin \AtBeginDocument code.
Package caption Info: listings package is loaded.
Package caption Info: End \AtBeginDocument code.
\c@lstlisting=\count129

[1

{/usr/local/texlive/2018/texmf-var/fonts/map/pdftex/updmap/pdftex.map}]

LaTeX Warning: Reference `fig.basicControlSystem' on page 2 undefined on input 
line 30.

<images/pencil.png, id=62, 390.45876pt x 513.92pt>
File: images/pencil.png Graphic file (type png)
<use images/pencil.png>
Package pdftex.def Info: images/pencil.png  used on input line 39.
(pdftex.def)             Requested size: 390.0pt x 513.33844pt.

Package caption Warning: \captionsetup{type*=...} or \captionof
(caption)                outside box or environment on input line 40.
See the caption package documentation for explanation.


Package caption Warning: The option `hypcap=true' will be ignored for this
(caption)                particular \caption on input line 40.
See the caption package documentation for explanation.


Overfull \hbox (17.62482pt too wide) in paragraph at lines 39--40
[][] 
 []

[2

]
Package epstopdf Info: Source file: <images/basicControl.eps>
(epstopdf)                    date: 2018-11-12 12:53:34
(epstopdf)                    size: 24015 bytes
(epstopdf)             Output file: <images/basicControl-eps-converted-to.pdf>
(epstopdf)             Command: <repstopdf --outfile=images/basicControl-eps-co
nverted-to.pdf images/basicControl.eps>
(epstopdf)             \includegraphics on input line 43.
runsystem(repstopdf --outfile=images/basicControl-eps-converted-to.pdf images/b
asicControl.eps)...executed safely (allowed).

Package epstopdf Info: Result file: <images/basicControl-eps-converted-to.pdf>
(epstopdf)                    date: 2018-11-16 11:21:10
(epstopdf)                    size: 10972 bytes.
<images/basicControl-eps-converted-to.pdf, id=72, 532.99126pt x 131.49126pt>
File: images/basicControl-eps-converted-to.pdf Graphic file (type pdf)
<use images/basicControl-eps-converted-to.pdf>
Package pdftex.def Info: images/basicControl-eps-converted-to.pdf  used on inpu
t line 43.
(pdftex.def)             Requested size: 390.0pt x 96.21654pt.


Package caption Warning: The option `hypcap=true' will be ignored for this
(caption)                particular \caption on input line 44.
See the caption package documentation for explanation.

[3 <./images/pencil.png>]
Package epstopdf Info: Source file: <images/regulator.eps>
(epstopdf)                    date: 2018-11-12 12:46:36
(epstopdf)                    size: 20806 bytes
(epstopdf)             Output file: <images/regulator-eps-converted-to.pdf>
(epstopdf)             Command: <repstopdf --outfile=images/regulator-eps-conve
rted-to.pdf images/regulator.eps>
(epstopdf)             \includegraphics on input line 47.
runsystem(repstopdf --outfile=images/regulator-eps-converted-to.pdf images/regu
lator.eps)...executed safely (allowed).

Package epstopdf Info: Result file: <images/regulator-eps-converted-to.pdf>
(epstopdf)                    date: 2018-11-16 11:21:10
(epstopdf)                    size: 10059 bytes.
<images/regulator-eps-converted-to.pdf, id=78, 505.89pt x 98.3675pt>
File: images/regulator-eps-converted-to.pdf Graphic file (type pdf)
<use images/regulator-eps-converted-to.pdf>
Package pdftex.def Info: images/regulator-eps-converted-to.pdf  used on input l
ine 47.
(pdftex.def)             Requested size: 390.0pt x 75.83475pt.


Package caption Warning: The option `hypcap=true' will be ignored for this
(caption)                particular \caption on input line 48.
See the caption package documentation for explanation.

[4 <./images/basicControl-eps-converted-to.pdf> <./images/regulator-eps-convert
ed-to.pdf>]
Underfull \hbox (badness 10000) in paragraph at lines 68--79

 []


Underfull \hbox (badness 10000) in paragraph at lines 80--85

 []

[5

]
<images/scan1.png, id=122, 455.7025pt x 339.2675pt>
File: images/scan1.png Graphic file (type png)
<use images/scan1.png>
Package pdftex.def Info: images/scan1.png  used on input line 119.
(pdftex.def)             Requested size: 390.0pt x 290.35626pt.


Package caption Warning: The option `hypcap=true' will be ignored for this
(caption)                particular \caption on input line 120.
See the caption package documentation for explanation.

[6 <./images/scan1.png>]
Underfull \hbox (badness 10000) in paragraph at lines 133--140

 []


Underfull \hbox (badness 10000) in paragraph at lines 170--178

 []

[7

] [8]
Underfull \hbox (badness 10000) in paragraph at lines 208--216

 []

[9

] [10]
LaTeX Font Info:    Try loading font information for OMS+cmr on input line 287.

 (/usr/local/texlive/2018/texmf-dist/tex/latex/base/omscmr.fd
File: omscmr.fd 2014/09/29 v2.5h Standard LaTeX font definitions
)
LaTeX Font Info:    Font shape `OMS/cmr/m/n' in size <12> not available
(Font)              Font shape `OMS/cmsy/m/n' tried instead on input line 287.

Underfull \hbox (badness 10000) in paragraph at lines 296--299

 []


Underfull \hbox (badness 10000) in paragraph at lines 332--333

 []

[11

]
Underfull \hbox (badness 10000) in paragraph at lines 334--336

 []


Underfull \hbox (badness 10000) in paragraph at lines 376--379

 []

[12]
Underfull \hbox (badness 10000) in paragraph at lines 390--394

 []


Underfull \hbox (badness 10000) in paragraph at lines 395--398

 []


Underfull \hbox (badness 10000) in paragraph at lines 404--406

 []

[13]
Underfull \hbox (badness 10000) in paragraph at lines 424--425

 []

Package epstopdf Info: Source file: <images/transferFunction.eps>
(epstopdf)                    date: 2018-11-12 12:55:12
(epstopdf)                    size: 19882 bytes
(epstopdf)             Output file: <images/transferFunction-eps-converted-to.p
df>
(epstopdf)             Command: <repstopdf --outfile=images/transferFunction-ep
s-converted-to.pdf images/transferFunction.eps>
(epstopdf)             \includegraphics on input line 426.
runsystem(repstopdf --outfile=images/transferFunction-eps-converted-to.pdf imag
es/transferFunction.eps)...executed safely (allowed).

Package epstopdf Info: Result file: <images/transferFunction-eps-converted-to.p
df>
(epstopdf)                    date: 2018-11-16 11:21:10
(epstopdf)                    size: 9742 bytes.
<images/transferFunction-eps-converted-to.pdf, id=227, 505.89pt x 98.3675pt>
File: images/transferFunction-eps-converted-to.pdf Graphic file (type pdf)
<use images/transferFunction-eps-converted-to.pdf>
Package pdftex.def Info: images/transferFunction-eps-converted-to.pdf  used on 
input line 426.
(pdftex.def)             Requested size: 390.0pt x 75.83475pt.

Package caption Warning: The option `hypcap=true' will be ignored for this
(caption)                particular \caption on input line 427.
See the caption package documentation for explanation.

Package epstopdf Info: Source file: <images/rootLocus.eps>
(epstopdf)                    date: 2018-11-01 12:33:37
(epstopdf)                    size: 29518 bytes
(epstopdf)             Output file: <images/rootLocus-eps-converted-to.pdf>
(epstopdf)             Command: <repstopdf --outfile=images/rootLocus-eps-conve
rted-to.pdf images/rootLocus.eps>
(epstopdf)             \includegraphics on input line 430.
runsystem(repstopdf --outfile=images/rootLocus-eps-converted-to.pdf images/root
Locus.eps)...executed safely (allowed).

Package epstopdf Info: Result file: <images/rootLocus-eps-converted-to.pdf>
(epstopdf)                    date: 2018-11-16 11:21:11
(epstopdf)                    size: 9347 bytes.
<images/rootLocus-eps-converted-to.pdf, id=228, 687.56876pt x 563.10374pt>
File: images/rootLocus-eps-converted-to.pdf Graphic file (type pdf)
<use images/rootLocus-eps-converted-to.pdf>
Package pdftex.def Info: images/rootLocus-eps-converted-to.pdf  used on input l
ine 430.
(pdftex.def)             Requested size: 390.0pt x 319.40009pt.

Package caption Warning: The option `hypcap=true' will be ignored for this
(caption)                particular \caption on input line 431.
See the caption package documentation for explanation.

[14 <./images/transferFunction-eps-converted-to.pdf>]
Package epstopdf Info: Source file: <images/rootLocusPD.eps>
(epstopdf)                    date: 2018-11-03 09:12:22
(epstopdf)                    size: 30253 bytes
(epstopdf)             Output file: <images/rootLocusPD-eps-converted-to.pdf>
(epstopdf)             Command: <repstopdf --outfile=images/rootLocusPD-eps-con
verted-to.pdf images/rootLocusPD.eps>
(epstopdf)             \includegraphics on input line 434.
runsystem(repstopdf --outfile=images/rootLocusPD-eps-converted-to.pdf images/ro
otLocusPD.eps)...executed safely (allowed).

Package epstopdf Info: Result file: <images/rootLocusPD-eps-converted-to.pdf>
(epstopdf)                    date: 2018-11-16 11:21:11
(epstopdf)                    size: 9262 bytes.
<images/rootLocusPD-eps-converted-to.pdf, id=243, 790.955pt x 667.49374pt>
File: images/rootLocusPD-eps-converted-to.pdf Graphic file (type pdf)
<use images/rootLocusPD-eps-converted-to.pdf>
Package pdftex.def Info: images/rootLocusPD-eps-converted-to.pdf  used on input
 line 434.
(pdftex.def)             Requested size: 390.0pt x 329.12201pt.


Package caption Warning: The option `hypcap=true' will be ignored for this
(caption)                particular \caption on input line 435.
See the caption package documentation for explanation.

[15 <./images/rootLocus-eps-converted-to.pdf>]
Package epstopdf Info: Source file: <images/rootLocusFull.eps>
(epstopdf)                    date: 2018-11-14 17:34:01
(epstopdf)                    size: 93345 bytes
(epstopdf)             Output file: <images/rootLocusFull-eps-converted-to.pdf>

(epstopdf)             Command: <repstopdf --outfile=images/rootLocusFull-eps-c
onverted-to.pdf images/rootLocusFull.eps>
(epstopdf)             \includegraphics on input line 438.
runsystem(repstopdf --outfile=images/rootLocusFull-eps-converted-to.pdf images/
rootLocusFull.eps)...executed safely (allowed).

Package epstopdf Info: Result file: <images/rootLocusFull-eps-converted-to.pdf>

(epstopdf)                    date: 2018-11-16 11:21:12
(epstopdf)                    size: 89957 bytes.
<images/rootLocusFull-eps-converted-to.pdf, id=256, 671.50874pt x 538.01pt>
File: images/rootLocusFull-eps-converted-to.pdf Graphic file (type pdf)
<use images/rootLocusFull-eps-converted-to.pdf>
Package pdftex.def Info: images/rootLocusFull-eps-converted-to.pdf  used on inp
ut line 438.
(pdftex.def)             Requested size: 390.0pt x 312.46469pt.


Package caption Warning: The option `hypcap=true' will be ignored for this
(caption)                particular \caption on input line 439.
See the caption package documentation for explanation.

[16 <./images/rootLocusPD-eps-converted-to.pdf>] [17 <./images/rootLocusFull-ep
s-converted-to.pdf>]
Underfull \hbox (badness 10000) in paragraph at lines 465--473

 []

[18

] [19]
Underfull \hbox (badness 10000) in paragraph at lines 488--489

 []

[20

]
Underfull \hbox (badness 10000) in paragraph at lines 517--519

 []

[21

] [22]
Overfull \hbox (33.98941pt too wide) in paragraph at lines 573--593
[][] 
 []

[23

] [24]
Underfull \hbox (badness 1178) in paragraph at lines 608--608
|[]\OT1/cmr/bx/n/17.28 Arduino Code for Mea-sur-ing
 []


Underfull \hbox (badness 10000) in paragraph at lines 610--614

 []

Package hyperref Info: bookmark level for unknown lstlisting defaults to 0 on i
nput line 615.
(../arduino/rpm/rpm.ino
LaTeX Font Info:    Try loading font information for OML+cmr on input line 1.

(/usr/local/texlive/2018/texmf-dist/tex/latex/base/omlcmr.fd
File: omlcmr.fd 2014/09/29 v2.5h Standard LaTeX font definitions
)
LaTeX Font Info:    Font shape `OML/cmr/m/n' in size <12> not available
(Font)              Font shape `OML/cmm/m/it' tried instead on input line 1.

Overfull \hbox (75.2992pt too wide) in paragraph at lines 15--16
[][][][][][][][][][][][][][][][][][][][][][][][][][][][] 
 []


Overfull \hbox (18.89929pt too wide) in paragraph at lines 16--17
[][][][][][][][][][][][][][][][][][][][][][] 
 []


Overfull \hbox (75.2992pt too wide) in paragraph at lines 17--18
[][][][][][][][][][][][][][][][][][][][][][][][][][] 
 []


Overfull \hbox (25.94928pt too wide) in paragraph at lines 18--19
[][][][][][][][][][][][][][][][][][][][][][][][] 
 []

[25

] [26]
Overfull \hbox (32.99927pt too wide) in paragraph at lines 82--83
[][][][][][][][][][][][][][][][][][][][][][][] 
 []

) [27]
<images/reactionWheel.png, id=423, 519.9425pt x 575.14874pt>
File: images/reactionWheel.png Graphic file (type png)
<use images/reactionWheel.png>
Package pdftex.def Info: images/reactionWheel.png  used on input line 634.
(pdftex.def)             Requested size: 390.0pt x 431.40437pt.


Package caption Warning: The option `hypcap=true' will be ignored for this
(caption)                particular \caption on input line 635.
See the caption package documentation for explanation.

[28

]
<images/simpleReactionWheel.png, id=430, 546.04pt x 574.145pt>
File: images/simpleReactionWheel.png Graphic file (type png)
<use images/simpleReactionWheel.png>
Package pdftex.def Info: images/simpleReactionWheel.png  used on input line 638
.
(pdftex.def)             Requested size: 390.0pt x 410.07253pt.


Package caption Warning: The option `hypcap=true' will be ignored for this
(caption)                particular \caption on input line 639.
See the caption package documentation for explanation.

[29 <./images/reactionWheel.png>]
Package atveryend Info: Empty hook `BeforeClearDocument' on input line 645.
 [30 <./images/simpleReactionWheel.png>]
Package atveryend Info: Empty hook `AfterLastShipout' on input line 645.

(./writeup-new.aux)
Package atveryend Info: Executing hook `AtVeryEndDocument' on input line 645.
Package atveryend Info: Executing hook `AtEndAfterFileList' on input line 645.
Package rerunfilecheck Info: File `writeup-new.out' has not changed.
(rerunfilecheck)             Checksum: F99BDE7F81741C2AD2B311DEF6601645;712.


LaTeX Warning: There were undefined references.

Package atveryend Info: Empty hook `AtVeryVeryEnd' on input line 645.
 ) 
Here is how much of TeX's memory you used:
 8919 strings out of 492642
 131953 string characters out of 6129384
 237345 words of memory out of 5000000
 12544 multiletter control sequences out of 15000+600000
 10806 words of font info for 39 fonts, out of 8000000 for 9000
 1141 hyphenation exceptions out of 8191
 36i,10n,39p,520b,1798s stack positions out of 5000i,500n,10000p,200000b,80000s
</usr/local/texlive/2018/texmf-dist/fonts/type1/public/amsfonts/cm/cmbx12.pfb
></usr/local/texlive/2018/texmf-dist/fonts/type1/public/amsfonts/cm/cmex10.pfb>
</usr/local/texlive/2018/texmf-dist/fonts/type1/public/amsfonts/cm/cmmi10.pfb><
/usr/local/texlive/2018/texmf-dist/fonts/type1/public/amsfonts/cm/cmmi12.pfb></
usr/local/texlive/2018/texmf-dist/fonts/type1/public/amsfonts/cm/cmmi6.pfb></us
r/local/texlive/2018/texmf-dist/fonts/type1/public/amsfonts/cm/cmmi8.pfb></usr/
local/texlive/2018/texmf-dist/fonts/type1/public/amsfonts/cm/cmr10.pfb></usr/lo
cal/texlive/2018/texmf-dist/fonts/type1/public/amsfonts/cm/cmr12.pfb></usr/loca
l/texlive/2018/texmf-dist/fonts/type1/public/amsfonts/cm/cmr17.pfb></usr/local/
texlive/2018/texmf-dist/fonts/type1/public/amsfonts/cm/cmr6.pfb></usr/local/tex
live/2018/texmf-dist/fonts/type1/public/amsfonts/cm/cmr7.pfb></usr/local/texliv
e/2018/texmf-dist/fonts/type1/public/amsfonts/cm/cmr8.pfb></usr/local/texlive/2
018/texmf-dist/fonts/type1/public/amsfonts/cm/cmsy10.pfb></usr/local/texlive/20
18/texmf-dist/fonts/type1/public/amsfonts/cm/cmsy8.pfb></usr/local/texlive/2018
/texmf-dist/fonts/type1/public/amsfonts/cm/cmti12.pfb>
Output written on writeup-new.pdf (30 pages, 554741 bytes).
PDF statistics:
 530 PDF objects out of 1000 (max. 8388607)
 450 compressed objects within 5 object streams
 183 named destinations out of 1000 (max. 500000)
 147 words of extra memory for PDF output out of 10000 (max. 10000000)

